This file contains any messages produced by compilers while
running configure, to aid debugging if configure makes a mistake.

It was created by mtd-utils configure 2.0.2, which was
generated by GNU Autoconf 2.69.  Invocation command line was

  $ ./configure --prefix=/home/shun/linux/tool/buildroot-2019.02.6/output/host --sysconfdir=/home/shun/linux/tool/buildroot-2019.02.6/output/host/etc --localstatedir=/home/shun/linux/tool/buildroot-2019.02.6/output/host/var --enable-shared --disable-static --disable-gtk-doc --disable-gtk-doc-html --disable-doc --disable-docs --disable-documentation --disable-debug --with-xmlto=no --with-fop=no --disable-dependency-tracking --with-jffs --with-ubifs --disable-tests

## --------- ##
## Platform. ##
## --------- ##

hostname = shun-virtual-machine
uname -m = x86_64
uname -r = 5.3.0-51-generic
uname -s = Linux
uname -v = #44~18.04.2-Ubuntu SMP Thu Apr 23 14:27:18 UTC 2020

/usr/bin/uname -p = unknown
/bin/uname -X     = unknown

/bin/arch              = unknown
/usr/bin/arch -k       = unknown
/usr/convex/getsysinfo = unknown
/usr/bin/hostinfo      = unknown
/bin/machine           = unknown
/usr/bin/oslevel       = unknown
/bin/universe          = unknown

PATH: /home/shun/linux/tool/buildroot-2019.02.6/output/host/bin
PATH: /home/shun/linux/tool/buildroot-2019.02.6/output/host/sbin
PATH: /usr/local/sbin
PATH: /usr/local/bin
PATH: /usr/sbin
PATH: /usr/bin
PATH: /sbin
PATH: /bin
PATH: /snap/bin


## ----------- ##
## Core tests. ##
## ----------- ##

configure:2571: checking for a BSD-compatible install
configure:2639: result: /usr/bin/install -c
configure:2650: checking whether build environment is sane
configure:2705: result: yes
configure:2856: checking for a thread-safe mkdir -p
configure:2895: result: /bin/mkdir -p
configure:2902: checking for gawk
configure:2932: result: no
configure:2902: checking for mawk
configure:2918: found /usr/bin/mawk
configure:2929: result: mawk
configure:2940: checking whether make sets $(MAKE)
configure:2962: result: yes
configure:2991: checking whether make supports nested variables
configure:3008: result: yes
configure:3145: checking whether make supports nested variables
configure:3162: result: yes
configure:3202: checking build system type
configure:3216: result: x86_64-pc-linux-gnu
configure:3236: checking host system type
configure:3249: result: x86_64-pc-linux-gnu
configure:3290: checking how to print strings
configure:3317: result: printf
configure:3350: checking for style of include used by make
configure:3378: result: GNU
configure:3449: checking for gcc
configure:3476: result: /usr/bin/gcc
configure:3705: checking for C compiler version
configure:3714: /usr/bin/gcc --version >&5
gcc (Ubuntu 7.5.0-3ubuntu1~18.04) 7.5.0
Copyright (C) 2017 Free Software Foundation, Inc.
This is free software; see the source for copying conditions.  There is NO
warranty; not even for MERCHANTABILITY or FITNESS FOR A PARTICULAR PURPOSE.

configure:3725: $? = 0
configure:3714: /usr/bin/gcc -v >&5
Using built-in specs.
COLLECT_GCC=/usr/bin/gcc
COLLECT_LTO_WRAPPER=/usr/lib/gcc/x86_64-linux-gnu/7/lto-wrapper
OFFLOAD_TARGET_NAMES=nvptx-none
OFFLOAD_TARGET_DEFAULT=1
Target: x86_64-linux-gnu
Configured with: ../src/configure -v --with-pkgversion='Ubuntu 7.5.0-3ubuntu1~18.04' --with-bugurl=file:///usr/share/doc/gcc-7/README.Bugs --enable-languages=c,ada,c++,go,brig,d,fortran,objc,obj-c++ --prefix=/usr --with-gcc-major-version-only --program-suffix=-7 --program-prefix=x86_64-linux-gnu- --enable-shared --enable-linker-build-id --libexecdir=/usr/lib --without-included-gettext --enable-threads=posix --libdir=/usr/lib --enable-nls --enable-bootstrap --enable-clocale=gnu --enable-libstdcxx-debug --enable-libstdcxx-time=yes --with-default-libstdcxx-abi=new --enable-gnu-unique-object --disable-vtable-verify --enable-libmpx --enable-plugin --enable-default-pie --with-system-zlib --with-target-system-zlib --enable-objc-gc=auto --enable-multiarch --disable-werror --with-arch-32=i686 --with-abi=m64 --with-multilib-list=m32,m64,mx32 --enable-multilib --with-tune=generic --enable-offload-targets=nvptx-none --without-cuda-driver --enable-checking=release --build=x86_64-linux-gnu --host=x86_64-linux-gnu --target=x86_64-linux-gnu
Thread model: posix
gcc version 7.5.0 (Ubuntu 7.5.0-3ubuntu1~18.04) 
configure:3725: $? = 0
configure:3714: /usr/bin/gcc -V >&5
gcc: error: unrecognized command line option '-V'
gcc: fatal error: no input files
compilation terminated.
configure:3725: $? = 1
configure:3714: /usr/bin/gcc -qversion >&5
gcc: error: unrecognized command line option '-qversion'; did you mean '--version'?
gcc: fatal error: no input files
compilation terminated.
configure:3725: $? = 1
configure:3745: checking whether the C compiler works
configure:3767: /usr/bin/gcc -O2 -I/home/shun/linux/tool/buildroot-2019.02.6/output/host/include -I/home/shun/linux/tool/buildroot-2019.02.6/output/host/include -L/home/shun/linux/tool/buildroot-2019.02.6/output/host/lib -Wl,-rpath,/home/shun/linux/tool/buildroot-2019.02.6/output/host/lib conftest.c  >&5
configure:3771: $? = 0
configure:3819: result: yes
configure:3822: checking for C compiler default output file name
configure:3824: result: a.out
configure:3830: checking for suffix of executables
configure:3837: /usr/bin/gcc -o conftest -O2 -I/home/shun/linux/tool/buildroot-2019.02.6/output/host/include -I/home/shun/linux/tool/buildroot-2019.02.6/output/host/include -L/home/shun/linux/tool/buildroot-2019.02.6/output/host/lib -Wl,-rpath,/home/shun/linux/tool/buildroot-2019.02.6/output/host/lib conftest.c  >&5
configure:3841: $? = 0
configure:3863: result: 
configure:3885: checking whether we are cross compiling
configure:3893: /usr/bin/gcc -o conftest -O2 -I/home/shun/linux/tool/buildroot-2019.02.6/output/host/include -I/home/shun/linux/tool/buildroot-2019.02.6/output/host/include -L/home/shun/linux/tool/buildroot-2019.02.6/output/host/lib -Wl,-rpath,/home/shun/linux/tool/buildroot-2019.02.6/output/host/lib conftest.c  >&5
configure:3897: $? = 0
configure:3904: ./conftest
configure:3908: $? = 0
configure:3923: result: no
configure:3928: checking for suffix of object files
configure:3950: /usr/bin/gcc -c -O2 -I/home/shun/linux/tool/buildroot-2019.02.6/output/host/include -I/home/shun/linux/tool/buildroot-2019.02.6/output/host/include conftest.c >&5
configure:3954: $? = 0
configure:3975: result: o
configure:3979: checking whether we are using the GNU C compiler
configure:3998: /usr/bin/gcc -c -O2 -I/home/shun/linux/tool/buildroot-2019.02.6/output/host/include -I/home/shun/linux/tool/buildroot-2019.02.6/output/host/include conftest.c >&5
configure:3998: $? = 0
configure:4007: result: yes
configure:4016: checking whether /usr/bin/gcc accepts -g
configure:4036: /usr/bin/gcc -c -g -I/home/shun/linux/tool/buildroot-2019.02.6/output/host/include conftest.c >&5
configure:4036: $? = 0
configure:4077: result: yes
configure:4094: checking for /usr/bin/gcc option to accept ISO C89
configure:4157: /usr/bin/gcc  -c -O2 -I/home/shun/linux/tool/buildroot-2019.02.6/output/host/include -I/home/shun/linux/tool/buildroot-2019.02.6/output/host/include conftest.c >&5
configure:4157: $? = 0
configure:4170: result: none needed
configure:4195: checking whether /usr/bin/gcc understands -c and -o together
configure:4217: /usr/bin/gcc -c conftest.c -o conftest2.o
configure:4220: $? = 0
configure:4217: /usr/bin/gcc -c conftest.c -o conftest2.o
configure:4220: $? = 0
configure:4232: result: yes
configure:4251: checking dependency style of /usr/bin/gcc
configure:4362: result: none
configure:4377: checking for a sed that does not truncate output
configure:4441: result: /bin/sed
configure:4459: checking for grep that handles long lines and -e
configure:4517: result: /bin/grep
configure:4522: checking for egrep
configure:4584: result: /bin/grep -E
configure:4589: checking for fgrep
configure:4651: result: /bin/grep -F
configure:4686: checking for ld used by /usr/bin/gcc
configure:4753: result: /usr/bin/ld
configure:4760: checking if the linker (/usr/bin/ld) is GNU ld
configure:4775: result: yes
configure:4787: checking for BSD- or MS-compatible name lister (nm)
configure:4841: result: /usr/bin/nm
configure:4971: checking the name lister (/usr/bin/nm) interface
configure:4978: /usr/bin/gcc -c -O2 -I/home/shun/linux/tool/buildroot-2019.02.6/output/host/include -I/home/shun/linux/tool/buildroot-2019.02.6/output/host/include conftest.c >&5
configure:4981: /usr/bin/nm "conftest.o"
configure:4984: output
0000000000000000 B some_variable
configure:4991: result: BSD nm
configure:4994: checking whether ln -s works
configure:4998: result: yes
configure:5006: checking the maximum length of command line arguments
configure:5137: result: 1572864
configure:5185: checking how to convert x86_64-pc-linux-gnu file names to x86_64-pc-linux-gnu format
configure:5225: result: func_convert_file_noop
configure:5232: checking how to convert x86_64-pc-linux-gnu file names to toolchain format
configure:5252: result: func_convert_file_noop
configure:5259: checking for /usr/bin/ld option to reload object files
configure:5266: result: -r
configure:5340: checking for objdump
configure:5356: found /usr/bin/objdump
configure:5367: result: objdump
configure:5399: checking how to recognize dependent libraries
configure:5599: result: pass_all
configure:5684: checking for dlltool
configure:5714: result: no
configure:5744: checking how to associate runtime and link libraries
configure:5771: result: printf %s\n
configure:5896: checking for archiver @FILE support
configure:5913: /usr/bin/gcc -c -O2 -I/home/shun/linux/tool/buildroot-2019.02.6/output/host/include -I/home/shun/linux/tool/buildroot-2019.02.6/output/host/include conftest.c >&5
configure:5913: $? = 0
configure:5916: /usr/bin/ar cru libconftest.a @conftest.lst >&5
/usr/bin/ar: `u' modifier ignored since `D' is the default (see `U')
configure:5919: $? = 0
configure:5924: /usr/bin/ar cru libconftest.a @conftest.lst >&5
/usr/bin/ar: `u' modifier ignored since `D' is the default (see `U')
/usr/bin/ar: conftest.o: No such file or directory
configure:5927: $? = 1
configure:5939: result: @
configure:5997: checking for strip
configure:6013: found /usr/bin/strip
configure:6024: result: strip
configure:6096: checking for ranlib
configure:6123: result: /usr/bin/ranlib
configure:6225: checking command to parse /usr/bin/nm output from /usr/bin/gcc object
configure:6378: /usr/bin/gcc -c -O2 -I/home/shun/linux/tool/buildroot-2019.02.6/output/host/include -I/home/shun/linux/tool/buildroot-2019.02.6/output/host/include conftest.c >&5
configure:6381: $? = 0
configure:6385: /usr/bin/nm conftest.o \| sed -n -e 's/^.*[ ]\([ABCDGIRSTW][ABCDGIRSTW]*\)[ ][ ]*\([_A-Za-z][_A-Za-z0-9]*\)$/\1 \2 \2/p' | sed '/ __gnu_lto/d' \> conftest.nm
configure:6388: $? = 0
configure:6454: /usr/bin/gcc -o conftest -O2 -I/home/shun/linux/tool/buildroot-2019.02.6/output/host/include -I/home/shun/linux/tool/buildroot-2019.02.6/output/host/include -L/home/shun/linux/tool/buildroot-2019.02.6/output/host/lib -Wl,-rpath,/home/shun/linux/tool/buildroot-2019.02.6/output/host/lib conftest.c conftstm.o >&5
configure:6457: $? = 0
configure:6495: result: ok
configure:6542: checking for sysroot
configure:6572: result: no
configure:6579: checking for a working dd
configure:6617: result: /bin/dd
configure:6621: checking how to truncate binary pipes
configure:6636: result: /bin/dd bs=4096 count=1
configure:6772: /usr/bin/gcc -c -O2 -I/home/shun/linux/tool/buildroot-2019.02.6/output/host/include -I/home/shun/linux/tool/buildroot-2019.02.6/output/host/include conftest.c >&5
configure:6775: $? = 0
configure:6965: checking for mt
configure:6981: found /bin/mt
configure:6992: result: mt
configure:7015: checking if mt is a manifest tool
configure:7021: mt '-?'
configure:7029: result: no
configure:7706: checking how to run the C preprocessor
configure:7776: result: /usr/bin/cpp
configure:7796: /usr/bin/cpp -I/home/shun/linux/tool/buildroot-2019.02.6/output/host/include conftest.c
configure:7796: $? = 0
configure:7810: /usr/bin/cpp -I/home/shun/linux/tool/buildroot-2019.02.6/output/host/include conftest.c
conftest.c:11:10: fatal error: ac_nonexistent.h: No such file or directory
 #include <ac_nonexistent.h>
          ^~~~~~~~~~~~~~~~~~
compilation terminated.
configure:7810: $? = 1
configure: failed program was:
| /* confdefs.h */
| #define PACKAGE_NAME "mtd-utils"
| #define PACKAGE_TARNAME "mtd-utils"
| #define PACKAGE_VERSION "2.0.2"
| #define PACKAGE_STRING "mtd-utils 2.0.2"
| #define PACKAGE_BUGREPORT "linux-mtd@lists.infradead.org"
| #define PACKAGE_URL ""
| #define PACKAGE "mtd-utils"
| #define VERSION "2.0.2"
| /* end confdefs.h.  */
| #include <ac_nonexistent.h>
configure:7839: checking for ANSI C header files
configure:7859: /usr/bin/gcc -c -O2 -I/home/shun/linux/tool/buildroot-2019.02.6/output/host/include -I/home/shun/linux/tool/buildroot-2019.02.6/output/host/include conftest.c >&5
configure:7859: $? = 0
configure:7932: /usr/bin/gcc -o conftest -O2 -I/home/shun/linux/tool/buildroot-2019.02.6/output/host/include -I/home/shun/linux/tool/buildroot-2019.02.6/output/host/include -L/home/shun/linux/tool/buildroot-2019.02.6/output/host/lib -Wl,-rpath,/home/shun/linux/tool/buildroot-2019.02.6/output/host/lib conftest.c  >&5
configure:7932: $? = 0
configure:7932: ./conftest
configure:7932: $? = 0
configure:7943: result: yes
configure:7956: checking for sys/types.h
configure:7956: /usr/bin/gcc -c -O2 -I/home/shun/linux/tool/buildroot-2019.02.6/output/host/include -I/home/shun/linux/tool/buildroot-2019.02.6/output/host/include conftest.c >&5
configure:7956: $? = 0
configure:7956: result: yes
configure:7956: checking for sys/stat.h
configure:7956: /usr/bin/gcc -c -O2 -I/home/shun/linux/tool/buildroot-2019.02.6/output/host/include -I/home/shun/linux/tool/buildroot-2019.02.6/output/host/include conftest.c >&5
configure:7956: $? = 0
configure:7956: result: yes
configure:7956: checking for stdlib.h
configure:7956: /usr/bin/gcc -c -O2 -I/home/shun/linux/tool/buildroot-2019.02.6/output/host/include -I/home/shun/linux/tool/buildroot-2019.02.6/output/host/include conftest.c >&5
configure:7956: $? = 0
configure:7956: result: yes
configure:7956: checking for string.h
configure:7956: /usr/bin/gcc -c -O2 -I/home/shun/linux/tool/buildroot-2019.02.6/output/host/include -I/home/shun/linux/tool/buildroot-2019.02.6/output/host/include conftest.c >&5
configure:7956: $? = 0
configure:7956: result: yes
configure:7956: checking for memory.h
configure:7956: /usr/bin/gcc -c -O2 -I/home/shun/linux/tool/buildroot-2019.02.6/output/host/include -I/home/shun/linux/tool/buildroot-2019.02.6/output/host/include conftest.c >&5
configure:7956: $? = 0
configure:7956: result: yes
configure:7956: checking for strings.h
configure:7956: /usr/bin/gcc -c -O2 -I/home/shun/linux/tool/buildroot-2019.02.6/output/host/include -I/home/shun/linux/tool/buildroot-2019.02.6/output/host/include conftest.c >&5
configure:7956: $? = 0
configure:7956: result: yes
configure:7956: checking for inttypes.h
configure:7956: /usr/bin/gcc -c -O2 -I/home/shun/linux/tool/buildroot-2019.02.6/output/host/include -I/home/shun/linux/tool/buildroot-2019.02.6/output/host/include conftest.c >&5
configure:7956: $? = 0
configure:7956: result: yes
configure:7956: checking for stdint.h
configure:7956: /usr/bin/gcc -c -O2 -I/home/shun/linux/tool/buildroot-2019.02.6/output/host/include -I/home/shun/linux/tool/buildroot-2019.02.6/output/host/include conftest.c >&5
configure:7956: $? = 0
configure:7956: result: yes
configure:7956: checking for unistd.h
configure:7956: /usr/bin/gcc -c -O2 -I/home/shun/linux/tool/buildroot-2019.02.6/output/host/include -I/home/shun/linux/tool/buildroot-2019.02.6/output/host/include conftest.c >&5
configure:7956: $? = 0
configure:7956: result: yes
configure:7970: checking for dlfcn.h
configure:7970: /usr/bin/gcc -c -O2 -I/home/shun/linux/tool/buildroot-2019.02.6/output/host/include -I/home/shun/linux/tool/buildroot-2019.02.6/output/host/include conftest.c >&5
configure:7970: $? = 0
configure:7970: result: yes
configure:8226: checking for objdir
configure:8241: result: .libs
configure:8505: checking if /usr/bin/gcc supports -fno-rtti -fno-exceptions
configure:8523: /usr/bin/gcc -c -O2 -I/home/shun/linux/tool/buildroot-2019.02.6/output/host/include -I/home/shun/linux/tool/buildroot-2019.02.6/output/host/include -fno-rtti -fno-exceptions conftest.c >&5
cc1: warning: command line option '-fno-rtti' is valid for C++/ObjC++ but not for C
configure:8527: $? = 0
configure:8540: result: no
configure:8898: checking for /usr/bin/gcc option to produce PIC
configure:8905: result: -fPIC -DPIC
configure:8913: checking if /usr/bin/gcc PIC flag -fPIC -DPIC works
configure:8931: /usr/bin/gcc -c -O2 -I/home/shun/linux/tool/buildroot-2019.02.6/output/host/include -I/home/shun/linux/tool/buildroot-2019.02.6/output/host/include -fPIC -DPIC -DPIC conftest.c >&5
configure:8935: $? = 0
configure:8948: result: yes
configure:8977: checking if /usr/bin/gcc static flag -static works
configure:9005: result: yes
configure:9020: checking if /usr/bin/gcc supports -c -o file.o
configure:9041: /usr/bin/gcc -c -O2 -I/home/shun/linux/tool/buildroot-2019.02.6/output/host/include -I/home/shun/linux/tool/buildroot-2019.02.6/output/host/include -o out/conftest2.o conftest.c >&5
configure:9045: $? = 0
configure:9067: result: yes
configure:9075: checking if /usr/bin/gcc supports -c -o file.o
configure:9122: result: yes
configure:9155: checking whether the /usr/bin/gcc linker (/usr/bin/ld -m elf_x86_64) supports shared libraries
configure:10414: result: yes
configure:10451: checking whether -lc should be explicitly linked in
configure:10459: /usr/bin/gcc -c -O2 -I/home/shun/linux/tool/buildroot-2019.02.6/output/host/include -I/home/shun/linux/tool/buildroot-2019.02.6/output/host/include conftest.c >&5
configure:10462: $? = 0
configure:10477: /usr/bin/gcc -shared  -fPIC -DPIC conftest.o  -v -Wl,-soname -Wl,conftest -o conftest 2\>\&1 \| /bin/grep  -lc  \>/dev/null 2\>\&1
configure:10480: $? = 0
configure:10494: result: no
configure:10654: checking dynamic linker characteristics
configure:11235: /usr/bin/gcc -o conftest -O2 -I/home/shun/linux/tool/buildroot-2019.02.6/output/host/include -I/home/shun/linux/tool/buildroot-2019.02.6/output/host/include -L/home/shun/linux/tool/buildroot-2019.02.6/output/host/lib -Wl,-rpath,/home/shun/linux/tool/buildroot-2019.02.6/output/host/lib -Wl,-rpath -Wl,/foo conftest.c  >&5
configure:11235: $? = 0
configure:11475: result: GNU/Linux ld.so
configure:11597: checking how to hardcode library paths into programs
configure:11622: result: immediate
configure:12170: checking whether stripping libraries is possible
configure:12175: result: yes
configure:12210: checking if libtool supports shared libraries
configure:12212: result: yes
configure:12215: checking whether to build shared libraries
configure:12240: result: yes
configure:12243: checking whether to build static libraries
configure:12247: result: no
configure:12360: checking for gcc
configure:12387: result: /usr/bin/gcc
configure:12616: checking for C compiler version
configure:12625: /usr/bin/gcc --version >&5
gcc (Ubuntu 7.5.0-3ubuntu1~18.04) 7.5.0
Copyright (C) 2017 Free Software Foundation, Inc.
This is free software; see the source for copying conditions.  There is NO
warranty; not even for MERCHANTABILITY or FITNESS FOR A PARTICULAR PURPOSE.

configure:12636: $? = 0
configure:12625: /usr/bin/gcc -v >&5
Using built-in specs.
COLLECT_GCC=/usr/bin/gcc
COLLECT_LTO_WRAPPER=/usr/lib/gcc/x86_64-linux-gnu/7/lto-wrapper
OFFLOAD_TARGET_NAMES=nvptx-none
OFFLOAD_TARGET_DEFAULT=1
Target: x86_64-linux-gnu
Configured with: ../src/configure -v --with-pkgversion='Ubuntu 7.5.0-3ubuntu1~18.04' --with-bugurl=file:///usr/share/doc/gcc-7/README.Bugs --enable-languages=c,ada,c++,go,brig,d,fortran,objc,obj-c++ --prefix=/usr --with-gcc-major-version-only --program-suffix=-7 --program-prefix=x86_64-linux-gnu- --enable-shared --enable-linker-build-id --libexecdir=/usr/lib --without-included-gettext --enable-threads=posix --libdir=/usr/lib --enable-nls --enable-bootstrap --enable-clocale=gnu --enable-libstdcxx-debug --enable-libstdcxx-time=yes --with-default-libstdcxx-abi=new --enable-gnu-unique-object --disable-vtable-verify --enable-libmpx --enable-plugin --enable-default-pie --with-system-zlib --with-target-system-zlib --enable-objc-gc=auto --enable-multiarch --disable-werror --with-arch-32=i686 --with-abi=m64 --with-multilib-list=m32,m64,mx32 --enable-multilib --with-tune=generic --enable-offload-targets=nvptx-none --without-cuda-driver --enable-checking=release --build=x86_64-linux-gnu --host=x86_64-linux-gnu --target=x86_64-linux-gnu
Thread model: posix
gcc version 7.5.0 (Ubuntu 7.5.0-3ubuntu1~18.04) 
configure:12636: $? = 0
configure:12625: /usr/bin/gcc -V >&5
gcc: error: unrecognized command line option '-V'
gcc: fatal error: no input files
compilation terminated.
configure:12636: $? = 1
configure:12625: /usr/bin/gcc -qversion >&5
gcc: error: unrecognized command line option '-qversion'; did you mean '--version'?
gcc: fatal error: no input files
compilation terminated.
configure:12636: $? = 1
configure:12640: checking whether we are using the GNU C compiler
configure:12668: result: yes
configure:12677: checking whether /usr/bin/gcc accepts -g
configure:12738: result: yes
configure:12755: checking for /usr/bin/gcc option to accept ISO C89
configure:12831: result: none needed
configure:12856: checking whether /usr/bin/gcc understands -c and -o together
configure:12893: result: yes
configure:12912: checking dependency style of /usr/bin/gcc
configure:13023: result: none
configure:13043: checking whether compiler handles -Wall
configure:13067: /usr/bin/cpp -Werror -I/home/shun/linux/tool/buildroot-2019.02.6/output/host/include -Wall conftest.c
configure:13067: $? = 0
configure:13079: result: yes
configure:13087: checking whether compiler handles -Wextra
configure:13111: /usr/bin/cpp -Werror -I/home/shun/linux/tool/buildroot-2019.02.6/output/host/include -Wextra conftest.c
configure:13111: $? = 0
configure:13123: result: yes
configure:13131: checking whether compiler handles -Wunused
configure:13155: /usr/bin/cpp -Werror -I/home/shun/linux/tool/buildroot-2019.02.6/output/host/include -Wunused conftest.c
configure:13155: $? = 0
configure:13167: result: yes
configure:13175: checking whether compiler handles -Wmissing-prototypes
configure:13199: /usr/bin/cpp -Werror -I/home/shun/linux/tool/buildroot-2019.02.6/output/host/include -Wmissing-prototypes conftest.c
configure:13199: $? = 0
configure:13211: result: yes
configure:13219: checking whether compiler handles -Wmissing-declarations
configure:13243: /usr/bin/cpp -Werror -I/home/shun/linux/tool/buildroot-2019.02.6/output/host/include -Wmissing-declarations conftest.c
configure:13243: $? = 0
configure:13255: result: yes
configure:13263: checking whether compiler handles -Wwrite-strings
configure:13287: /usr/bin/cpp -Werror -I/home/shun/linux/tool/buildroot-2019.02.6/output/host/include -Wwrite-strings conftest.c
configure:13287: $? = 0
configure:13299: result: yes
configure:13307: checking whether compiler handles -Wjump-misses-init
configure:13331: /usr/bin/cpp -Werror -I/home/shun/linux/tool/buildroot-2019.02.6/output/host/include -Wjump-misses-init conftest.c
configure:13331: $? = 0
configure:13343: result: yes
configure:13351: checking whether compiler handles -Wuninitialized
configure:13375: /usr/bin/cpp -Werror -I/home/shun/linux/tool/buildroot-2019.02.6/output/host/include -Wuninitialized conftest.c
configure:13375: $? = 0
configure:13387: result: yes
configure:13395: checking whether compiler handles -Winit-self
configure:13419: /usr/bin/cpp -Werror -I/home/shun/linux/tool/buildroot-2019.02.6/output/host/include -Winit-self conftest.c
configure:13419: $? = 0
configure:13431: result: yes
configure:13439: checking whether compiler handles -Wlogical-op
configure:13463: /usr/bin/cpp -Werror -I/home/shun/linux/tool/buildroot-2019.02.6/output/host/include -Wlogical-op conftest.c
configure:13463: $? = 0
configure:13475: result: yes
configure:13483: checking whether compiler handles -Wunused-but-set-parameter
configure:13507: /usr/bin/cpp -Werror -I/home/shun/linux/tool/buildroot-2019.02.6/output/host/include -Wunused-but-set-parameter conftest.c
configure:13507: $? = 0
configure:13519: result: yes
configure:13527: checking whether compiler handles -Wunused-but-set-variable
configure:13551: /usr/bin/cpp -Werror -I/home/shun/linux/tool/buildroot-2019.02.6/output/host/include -Wunused-but-set-variable conftest.c
configure:13551: $? = 0
configure:13563: result: yes
configure:13571: checking whether compiler handles -Wunused-parameter
configure:13595: /usr/bin/cpp -Werror -I/home/shun/linux/tool/buildroot-2019.02.6/output/host/include -Wunused-parameter conftest.c
configure:13595: $? = 0
configure:13607: result: yes
configure:13615: checking whether compiler handles -Wunused-result
configure:13639: /usr/bin/cpp -Werror -I/home/shun/linux/tool/buildroot-2019.02.6/output/host/include -Wunused-result conftest.c
configure:13639: $? = 0
configure:13651: result: yes
configure:13659: checking whether compiler handles -Wunused-variable
configure:13683: /usr/bin/cpp -Werror -I/home/shun/linux/tool/buildroot-2019.02.6/output/host/include -Wunused-variable conftest.c
configure:13683: $? = 0
configure:13695: result: yes
configure:13703: checking whether compiler handles -Wduplicated-cond
configure:13727: /usr/bin/cpp -Werror -I/home/shun/linux/tool/buildroot-2019.02.6/output/host/include -Wduplicated-cond conftest.c
configure:13727: $? = 0
configure:13739: result: yes
configure:13747: checking whether compiler handles -Wduplicated-branches
configure:13771: /usr/bin/cpp -Werror -I/home/shun/linux/tool/buildroot-2019.02.6/output/host/include -Wduplicated-branches conftest.c
configure:13771: $? = 0
configure:13783: result: yes
configure:13791: checking whether compiler handles -Wrestrict
configure:13815: /usr/bin/cpp -Werror -I/home/shun/linux/tool/buildroot-2019.02.6/output/host/include -Wrestrict conftest.c
configure:13815: $? = 0
configure:13827: result: yes
configure:13835: checking whether compiler handles -Wnull-dereference
configure:13859: /usr/bin/cpp -Werror -I/home/shun/linux/tool/buildroot-2019.02.6/output/host/include -Wnull-dereference conftest.c
configure:13859: $? = 0
configure:13871: result: yes
configure:13880: checking whether compiler handles -Wno-shadow
configure:13904: /usr/bin/cpp -Werror -I/home/shun/linux/tool/buildroot-2019.02.6/output/host/include -Wno-shadow conftest.c
configure:13904: $? = 0
configure:13916: result: yes
configure:13924: checking whether compiler handles -Wno-sign-compare
configure:13948: /usr/bin/cpp -Werror -I/home/shun/linux/tool/buildroot-2019.02.6/output/host/include -Wno-sign-compare conftest.c
configure:13948: $? = 0
configure:13960: result: yes
configure:14298: checking pkg-config is at least version 0.9.0
configure:14301: result: yes
configure:14311: checking for ZLIB
configure:14318: $PKG_CONFIG --exists --print-errors "zlib"
configure:14321: $? = 0
configure:14335: $PKG_CONFIG --exists --print-errors "zlib"
configure:14338: $? = 0
configure:14376: result: yes
configure:14385: checking for UUID
configure:14392: $PKG_CONFIG --exists --print-errors "uuid"
configure:14395: $? = 0
configure:14409: $PKG_CONFIG --exists --print-errors "uuid"
configure:14412: $? = 0
configure:14450: result: yes
configure:15175: checking for lzo1x_1_15_compress in -llzo2
configure:15200: /usr/bin/gcc -o conftest -O2 -I/home/shun/linux/tool/buildroot-2019.02.6/output/host/include -I/home/shun/linux/tool/buildroot-2019.02.6/output/host/include -L/home/shun/linux/tool/buildroot-2019.02.6/output/host/lib -Wl,-rpath,/home/shun/linux/tool/buildroot-2019.02.6/output/host/lib conftest.c -llzo2   >&5
configure:15200: $? = 0
configure:15209: result: yes
configure:15265: checking sys/xattr.h usability
configure:15265: /usr/bin/gcc -c -O2 -I/home/shun/linux/tool/buildroot-2019.02.6/output/host/include -I/home/shun/linux/tool/buildroot-2019.02.6/output/host/include conftest.c >&5
configure:15265: $? = 0
configure:15265: result: yes
configure:15265: checking sys/xattr.h presence
configure:15265: /usr/bin/cpp -I/home/shun/linux/tool/buildroot-2019.02.6/output/host/include conftest.c
configure:15265: $? = 0
configure:15265: result: yes
configure:15265: checking for sys/xattr.h
configure:15265: result: yes
configure:15279: checking sys/acl.h usability
configure:15279: /usr/bin/gcc -c -O2 -I/home/shun/linux/tool/buildroot-2019.02.6/output/host/include -I/home/shun/linux/tool/buildroot-2019.02.6/output/host/include conftest.c >&5
configure:15279: $? = 0
configure:15279: result: yes
configure:15279: checking sys/acl.h presence
configure:15279: /usr/bin/cpp -I/home/shun/linux/tool/buildroot-2019.02.6/output/host/include conftest.c
configure:15279: $? = 0
configure:15279: result: yes
configure:15279: checking for sys/acl.h
configure:15279: result: yes
configure:15369: checking execinfo.h usability
configure:15369: /usr/bin/gcc -c -O2 -I/home/shun/linux/tool/buildroot-2019.02.6/output/host/include -I/home/shun/linux/tool/buildroot-2019.02.6/output/host/include conftest.c >&5
configure:15369: $? = 0
configure:15369: result: yes
configure:15369: checking execinfo.h presence
configure:15369: /usr/bin/cpp -I/home/shun/linux/tool/buildroot-2019.02.6/output/host/include conftest.c
configure:15369: $? = 0
configure:15369: result: yes
configure:15369: checking for execinfo.h
configure:15369: result: yes
configure:15473: checking size of off_t
configure:15478: /usr/bin/gcc -o conftest -O2 -I/home/shun/linux/tool/buildroot-2019.02.6/output/host/include -I/home/shun/linux/tool/buildroot-2019.02.6/output/host/include -L/home/shun/linux/tool/buildroot-2019.02.6/output/host/lib -Wl,-rpath,/home/shun/linux/tool/buildroot-2019.02.6/output/host/lib conftest.c  >&5
configure:15478: $? = 0
configure:15478: ./conftest
configure:15478: $? = 0
configure:15492: result: 8
configure:15506: checking size of loff_t
configure:15511: /usr/bin/gcc -o conftest -O2 -I/home/shun/linux/tool/buildroot-2019.02.6/output/host/include -I/home/shun/linux/tool/buildroot-2019.02.6/output/host/include -L/home/shun/linux/tool/buildroot-2019.02.6/output/host/lib -Wl,-rpath,/home/shun/linux/tool/buildroot-2019.02.6/output/host/lib conftest.c  >&5
configure:15511: $? = 0
configure:15511: ./conftest
configure:15511: $? = 0
configure:15525: result: 8
configure:15665: checking that generated files are newer than configure
configure:15671: result: done
configure:15754: creating ./config.status

## ---------------------- ##
## Running config.status. ##
## ---------------------- ##

This file was extended by mtd-utils config.status 2.0.2, which was
generated by GNU Autoconf 2.69.  Invocation command line was

  CONFIG_FILES    = 
  CONFIG_HEADERS  = 
  CONFIG_LINKS    = 
  CONFIG_COMMANDS = 
  $ ./config.status 

on shun-virtual-machine

config.status:1127: creating tests/fs-tests/fs_help_all.sh
config.status:1127: creating tests/fs-tests/fs_run_all.sh
config.status:1127: creating tests/fs-tests/stress/fs_stress00.sh
config.status:1127: creating tests/fs-tests/stress/fs_stress01.sh
config.status:1127: creating tests/ubi-tests/runubitests.sh
config.status:1127: creating tests/ubi-tests/ubi-stress-test.sh
config.status:1127: creating Makefile
config.status:1127: creating include/config.h
config.status:1356: executing depfiles commands
config.status:1356: executing libtool commands
configure:17899: WARNING: unrecognized options: --disable-gtk-doc, --disable-gtk-doc-html, --disable-doc, --disable-docs, --disable-documentation, --disable-debug, --with-xmlto, --with-fop

## ---------------- ##
## Cache variables. ##
## ---------------- ##

ac_cv_build=x86_64-pc-linux-gnu
ac_cv_c_compiler_gnu=yes
ac_cv_env_CC_set=set
ac_cv_env_CC_value=/usr/bin/gcc
ac_cv_env_CFLAGS_set=set
ac_cv_env_CFLAGS_value='-O2 -I/home/shun/linux/tool/buildroot-2019.02.6/output/host/include'
ac_cv_env_CMOCKA_CFLAGS_set=
ac_cv_env_CMOCKA_CFLAGS_value=
ac_cv_env_CMOCKA_LIBS_set=
ac_cv_env_CMOCKA_LIBS_value=
ac_cv_env_CPPFLAGS_set=set
ac_cv_env_CPPFLAGS_value=-I/home/shun/linux/tool/buildroot-2019.02.6/output/host/include
ac_cv_env_CPP_set=set
ac_cv_env_CPP_value=/usr/bin/cpp
ac_cv_env_LDFLAGS_set=set
ac_cv_env_LDFLAGS_value='-L/home/shun/linux/tool/buildroot-2019.02.6/output/host/lib -Wl,-rpath,/home/shun/linux/tool/buildroot-2019.02.6/output/host/lib'
ac_cv_env_LIBS_set=
ac_cv_env_LIBS_value=
ac_cv_env_LT_SYS_LIBRARY_PATH_set=
ac_cv_env_LT_SYS_LIBRARY_PATH_value=
ac_cv_env_LZO_CFLAGS_set=
ac_cv_env_LZO_CFLAGS_value=
ac_cv_env_LZO_LIBS_set=
ac_cv_env_LZO_LIBS_value=
ac_cv_env_PKG_CONFIG_LIBDIR_set=set
ac_cv_env_PKG_CONFIG_LIBDIR_value=/home/shun/linux/tool/buildroot-2019.02.6/output/host/lib/pkgconfig:/home/shun/linux/tool/buildroot-2019.02.6/output/host/share/pkgconfig
ac_cv_env_PKG_CONFIG_PATH_set=
ac_cv_env_PKG_CONFIG_PATH_value=
ac_cv_env_PKG_CONFIG_set=set
ac_cv_env_PKG_CONFIG_value=/home/shun/linux/tool/buildroot-2019.02.6/output/host/bin/pkg-config
ac_cv_env_UUID_CFLAGS_set=
ac_cv_env_UUID_CFLAGS_value=
ac_cv_env_UUID_LIBS_set=
ac_cv_env_UUID_LIBS_value=
ac_cv_env_ZLIB_CFLAGS_set=
ac_cv_env_ZLIB_CFLAGS_value=
ac_cv_env_ZLIB_LIBS_set=
ac_cv_env_ZLIB_LIBS_value=
ac_cv_env_build_alias_set=
ac_cv_env_build_alias_value=
ac_cv_env_host_alias_set=
ac_cv_env_host_alias_value=
ac_cv_env_target_alias_set=
ac_cv_env_target_alias_value=
ac_cv_header_dlfcn_h=yes
ac_cv_header_execinfo_h=yes
ac_cv_header_inttypes_h=yes
ac_cv_header_memory_h=yes
ac_cv_header_stdc=yes
ac_cv_header_stdint_h=yes
ac_cv_header_stdlib_h=yes
ac_cv_header_string_h=yes
ac_cv_header_strings_h=yes
ac_cv_header_sys_acl_h=yes
ac_cv_header_sys_stat_h=yes
ac_cv_header_sys_types_h=yes
ac_cv_header_sys_xattr_h=yes
ac_cv_header_unistd_h=yes
ac_cv_host=x86_64-pc-linux-gnu
ac_cv_lib_lzo2_lzo1x_1_15_compress=yes
ac_cv_objext=o
ac_cv_path_EGREP='/bin/grep -E'
ac_cv_path_FGREP='/bin/grep -F'
ac_cv_path_GREP=/bin/grep
ac_cv_path_SED=/bin/sed
ac_cv_path_install='/usr/bin/install -c'
ac_cv_path_lt_DD=/bin/dd
ac_cv_path_mkdir=/bin/mkdir
ac_cv_prog_AWK=mawk
ac_cv_prog_CPP=/usr/bin/cpp
ac_cv_prog_ac_ct_CC=/usr/bin/gcc
ac_cv_prog_ac_ct_MANIFEST_TOOL=mt
ac_cv_prog_ac_ct_OBJDUMP=objdump
ac_cv_prog_ac_ct_RANLIB=/usr/bin/ranlib
ac_cv_prog_ac_ct_STRIP=strip
ac_cv_prog_cc_c89=
ac_cv_prog_cc_g=yes
ac_cv_prog_make_make_set=yes
ac_cv_sizeof_loff_t=8
ac_cv_sizeof_off_t=8
am_cv_CC_dependencies_compiler_type=none
am_cv_make_support_nested_variables=yes
am_cv_prog_cc_c_o=yes
lt_cv_ar_at_file=@
lt_cv_archive_cmds_need_lc=no
lt_cv_deplibs_check_method=pass_all
lt_cv_file_magic_cmd='$MAGIC_CMD'
lt_cv_file_magic_test_file=
lt_cv_ld_reload_flag=-r
lt_cv_nm_interface='BSD nm'
lt_cv_objdir=.libs
lt_cv_path_LD=/usr/bin/ld
lt_cv_path_NM=/usr/bin/nm
lt_cv_path_mainfest_tool=no
lt_cv_prog_compiler_c_o=yes
lt_cv_prog_compiler_pic='-fPIC -DPIC'
lt_cv_prog_compiler_pic_works=yes
lt_cv_prog_compiler_rtti_exceptions=no
lt_cv_prog_compiler_static_works=yes
lt_cv_prog_gnu_ld=yes
lt_cv_sharedlib_from_linklib_cmd='printf %s\n'
lt_cv_shlibpath_overrides_runpath=yes
lt_cv_sys_global_symbol_pipe='sed -n -e '\''s/^.*[	 ]\([ABCDGIRSTW][ABCDGIRSTW]*\)[	 ][	 ]*\([_A-Za-z][_A-Za-z0-9]*\)$/\1 \2 \2/p'\'' | sed '\''/ __gnu_lto/d'\'''
lt_cv_sys_global_symbol_to_c_name_address='sed -n -e '\''s/^: \(.*\) .*$/  {"\1", (void *) 0},/p'\'' -e '\''s/^[ABCDGIRSTW][ABCDGIRSTW]* .* \(.*\)$/  {"\1", (void *) \&\1},/p'\'''
lt_cv_sys_global_symbol_to_c_name_address_lib_prefix='sed -n -e '\''s/^: \(.*\) .*$/  {"\1", (void *) 0},/p'\'' -e '\''s/^[ABCDGIRSTW][ABCDGIRSTW]* .* \(lib.*\)$/  {"\1", (void *) \&\1},/p'\'' -e '\''s/^[ABCDGIRSTW][ABCDGIRSTW]* .* \(.*\)$/  {"lib\1", (void *) \&\1},/p'\'''
lt_cv_sys_global_symbol_to_cdecl='sed -n -e '\''s/^T .* \(.*\)$/extern int \1();/p'\'' -e '\''s/^[ABCDGIRSTW][ABCDGIRSTW]* .* \(.*\)$/extern char \1;/p'\'''
lt_cv_sys_global_symbol_to_import=
lt_cv_sys_max_cmd_len=1572864
lt_cv_to_host_file_cmd=func_convert_file_noop
lt_cv_to_tool_file_cmd=func_convert_file_noop
lt_cv_truncate_bin='/bin/dd bs=4096 count=1'
pkg_cv_UUID_CFLAGS='-I/home/shun/linux/tool/buildroot-2019.02.6/output/host/include/uuid '
pkg_cv_UUID_LIBS='-L/home/shun/linux/tool/buildroot-2019.02.6/output/host/lib -luuid '
pkg_cv_ZLIB_CFLAGS='-I/home/shun/linux/tool/buildroot-2019.02.6/output/host/include '
pkg_cv_ZLIB_LIBS='-L/home/shun/linux/tool/buildroot-2019.02.6/output/host/lib -lz '
ul_cv_warn__Wall=yes
ul_cv_warn__Wduplicated_branches=yes
ul_cv_warn__Wduplicated_cond=yes
ul_cv_warn__Wextra=yes
ul_cv_warn__Winit_self=yes
ul_cv_warn__Wjump_misses_init=yes
ul_cv_warn__Wlogical_op=yes
ul_cv_warn__Wmissing_declarations=yes
ul_cv_warn__Wmissing_prototypes=yes
ul_cv_warn__Wno_shadow=yes
ul_cv_warn__Wno_sign_compare=yes
ul_cv_warn__Wnull_dereference=yes
ul_cv_warn__Wrestrict=yes
ul_cv_warn__Wuninitialized=yes
ul_cv_warn__Wunused=yes
ul_cv_warn__Wunused_but_set_parameter=yes
ul_cv_warn__Wunused_but_set_variable=yes
ul_cv_warn__Wunused_parameter=yes
ul_cv_warn__Wunused_result=yes
ul_cv_warn__Wunused_variable=yes
ul_cv_warn__Wwrite_strings=yes

## ----------------- ##
## Output variables. ##
## ----------------- ##

ACLOCAL='${SHELL} /home/shun/linux/tool/buildroot-2019.02.6/output/build/host-mtd-2.0.2/missing aclocal-1.15'
AMDEPBACKSLASH=''
AMDEP_FALSE=''
AMDEP_TRUE='#'
AMTAR='$${TAR-tar}'
AM_BACKSLASH='\'
AM_DEFAULT_V='$(AM_DEFAULT_VERBOSITY)'
AM_DEFAULT_VERBOSITY='0'
AM_V='$(V)'
AR='/usr/bin/ar'
AUTOCONF='${SHELL} /home/shun/linux/tool/buildroot-2019.02.6/output/build/host-mtd-2.0.2/missing autoconf'
AUTOHEADER='${SHELL} /home/shun/linux/tool/buildroot-2019.02.6/output/build/host-mtd-2.0.2/missing autoheader'
AUTOMAKE='${SHELL} /home/shun/linux/tool/buildroot-2019.02.6/output/build/host-mtd-2.0.2/missing automake-1.15'
AWK='mawk'
BUILD_JFFSX_FALSE='#'
BUILD_JFFSX_TRUE=''
BUILD_TESTS_FALSE=''
BUILD_TESTS_TRUE='#'
BUILD_UBIFS_FALSE='#'
BUILD_UBIFS_TRUE=''
CC='/usr/bin/gcc'
CCDEPMODE='depmode=none'
CFLAGS='-O2 -I/home/shun/linux/tool/buildroot-2019.02.6/output/host/include'
CMOCKA_CFLAGS=''
CMOCKA_LIBS=''
CPP='/usr/bin/cpp'
CPPFLAGS='-I/home/shun/linux/tool/buildroot-2019.02.6/output/host/include'
CYGPATH_W='echo'
DEFS='-DHAVE_CONFIG_H'
DEPDIR='.deps'
DLLTOOL='false'
DSYMUTIL=''
DUMPBIN=''
ECHO_C=''
ECHO_N='-n'
ECHO_T=''
EGREP='/bin/grep -E'
EXEEXT=''
FGREP='/bin/grep -F'
GREP='/bin/grep'
INSTALL_DATA='${INSTALL} -m 644'
INSTALL_PROGRAM='${INSTALL}'
INSTALL_SCRIPT='${INSTALL}'
INSTALL_STRIP_PROGRAM='$(install_sh) -c -s'
INSTALL_TESTS_FALSE=''
INSTALL_TESTS_TRUE='#'
LD='/usr/bin/ld -m elf_x86_64'
LDFLAGS='-L/home/shun/linux/tool/buildroot-2019.02.6/output/host/lib -Wl,-rpath,/home/shun/linux/tool/buildroot-2019.02.6/output/host/lib'
LIBOBJS=''
LIBS=''
LIBTOOL='$(SHELL) $(top_builddir)/libtool'
LIPO=''
LN_S='ln -s'
LTLIBOBJS=''
LT_SYS_LIBRARY_PATH=''
LZO_CFLAGS=''
LZO_LIBS='-llzo2'
MAKEINFO='${SHELL} /home/shun/linux/tool/buildroot-2019.02.6/output/build/host-mtd-2.0.2/missing makeinfo'
MANIFEST_TOOL=':'
MKDIR_P='/bin/mkdir -p'
NM='/usr/bin/nm'
NMEDIT=''
OBJDUMP='objdump'
OBJEXT='o'
OTOOL64=''
OTOOL=''
PACKAGE='mtd-utils'
PACKAGE_BUGREPORT='linux-mtd@lists.infradead.org'
PACKAGE_NAME='mtd-utils'
PACKAGE_STRING='mtd-utils 2.0.2'
PACKAGE_TARNAME='mtd-utils'
PACKAGE_URL=''
PACKAGE_VERSION='2.0.2'
PATH_SEPARATOR=':'
PKG_CONFIG='/home/shun/linux/tool/buildroot-2019.02.6/output/host/bin/pkg-config'
PKG_CONFIG_LIBDIR='/home/shun/linux/tool/buildroot-2019.02.6/output/host/lib/pkgconfig:/home/shun/linux/tool/buildroot-2019.02.6/output/host/share/pkgconfig'
PKG_CONFIG_PATH=''
PTHREAD_CC=''
PTHREAD_CFLAGS=''
PTHREAD_LIBS=''
RANLIB='/usr/bin/ranlib'
SED='/bin/sed'
SET_MAKE=''
SHELL='/bin/bash'
STRIP='strip'
UNIT_TESTS_FALSE=''
UNIT_TESTS_TRUE='#'
UUID_CFLAGS='-I/home/shun/linux/tool/buildroot-2019.02.6/output/host/include/uuid '
UUID_LIBS='-L/home/shun/linux/tool/buildroot-2019.02.6/output/host/lib -luuid '
VERSION='2.0.2'
WARN_CFLAGS=' -Wall -Wextra -Wunused -Wmissing-prototypes -Wmissing-declarations -Wwrite-strings -Wjump-misses-init -Wuninitialized -Winit-self -Wlogical-op -Wunused-but-set-parameter -Wunused-but-set-variable -Wunused-parameter -Wunused-result -Wunused-variable -Wduplicated-cond -Wduplicated-branches -Wrestrict -Wnull-dereference -Wno-shadow -Wno-sign-compare'
WITHOUT_LZO_FALSE=''
WITHOUT_LZO_TRUE='#'
WITHOUT_XATTR_FALSE=''
WITHOUT_XATTR_TRUE='#'
ZLIB_CFLAGS='-I/home/shun/linux/tool/buildroot-2019.02.6/output/host/include '
ZLIB_LIBS='-L/home/shun/linux/tool/buildroot-2019.02.6/output/host/lib -lz '
ac_ct_AR=''
ac_ct_CC='/usr/bin/gcc'
ac_ct_DUMPBIN=''
am__EXEEXT_FALSE=''
am__EXEEXT_TRUE='#'
am__fastdepCC_FALSE=''
am__fastdepCC_TRUE='#'
am__include='include'
am__isrc=''
am__leading_dot='.'
am__nodep=''
am__quote=''
am__tar='$${TAR-tar} chof - "$$tardir"'
am__untar='$${TAR-tar} xf -'
ax_pthread_config=''
bindir='${exec_prefix}/bin'
build='x86_64-pc-linux-gnu'
build_alias=''
build_cpu='x86_64'
build_os='linux-gnu'
build_vendor='pc'
datadir='${datarootdir}'
datarootdir='${prefix}/share'
docdir='${datarootdir}/doc/${PACKAGE_TARNAME}'
dvidir='${docdir}'
exec_prefix='${prefix}'
host='x86_64-pc-linux-gnu'
host_alias=''
host_cpu='x86_64'
host_os='linux-gnu'
host_vendor='pc'
htmldir='${docdir}'
includedir='${prefix}/include'
infodir='${datarootdir}/info'
install_sh='${SHELL} /home/shun/linux/tool/buildroot-2019.02.6/output/build/host-mtd-2.0.2/install-sh'
libdir='${exec_prefix}/lib'
libexecdir='${exec_prefix}/libexec'
localedir='${datarootdir}/locale'
localstatedir='/home/shun/linux/tool/buildroot-2019.02.6/output/host/var'
mandir='${datarootdir}/man'
mkdir_p='$(MKDIR_P)'
oldincludedir='/usr/include'
pdfdir='${docdir}'
prefix='/home/shun/linux/tool/buildroot-2019.02.6/output/host'
program_transform_name='s,x,x,'
psdir='${docdir}'
sbindir='${exec_prefix}/sbin'
sharedstatedir='${prefix}/com'
sysconfdir='/home/shun/linux/tool/buildroot-2019.02.6/output/host/etc'
target_alias=''
testbindir='"."'

## ----------- ##
## confdefs.h. ##
## ----------- ##

/* confdefs.h */
#define PACKAGE_NAME "mtd-utils"
#define PACKAGE_TARNAME "mtd-utils"
#define PACKAGE_VERSION "2.0.2"
#define PACKAGE_STRING "mtd-utils 2.0.2"
#define PACKAGE_BUGREPORT "linux-mtd@lists.infradead.org"
#define PACKAGE_URL ""
#define PACKAGE "mtd-utils"
#define VERSION "2.0.2"
#define STDC_HEADERS 1
#define HAVE_SYS_TYPES_H 1
#define HAVE_SYS_STAT_H 1
#define HAVE_STDLIB_H 1
#define HAVE_STRING_H 1
#define HAVE_MEMORY_H 1
#define HAVE_STRINGS_H 1
#define HAVE_INTTYPES_H 1
#define HAVE_STDINT_H 1
#define HAVE_UNISTD_H 1
#define HAVE_DLFCN_H 1
#define LT_OBJDIR ".libs/"
#define HAVE_SYS_XATTR_H 1
#define HAVE_SYS_ACL_H 1
#define HAVE_EXECINFO_H 1
#define SIZEOF_OFF_T 8
#define SIZEOF_LOFF_T 8

configure: exit 0
